http: GET en /api/products/643ef56bb0d990bb924063e - 15/8/2023, 20:23:28
error: undefined {"cause":"The product ID entered was expected to be a MongoDb ObjectId and was received: \u001b[35m643ef56bb0d990bb924063e\u001b[39m","code":2,"name":"Invalid ID","status":400}
http: POST en /api/cart/64b4af0eb0b590bb118aaffe/product/643ef56bb0d990bb924063f0 - 15/8/2023, 22:02:45
http: POST en /api/cart/64b4af0eb0b590bb118aaffe/product/643ef56bb0d990bb924063f0 - 15/8/2023, 22:03:19
error: undefined {"cause":"No product found with the Id: 643ef56bb0d990bb924063f0","code":3,"name":"Product not found","status":404}
http: POST en /auth - 18/8/2023, 11:57:43
http: POST en /api/cart/64b4af0eb0b590bb118aaffe/product/643ef56bb0d990bb924063e5 - 18/8/2023, 11:58:05
http: GET en /auth/logout - 18/8/2023, 11:58:11
http: POST en /api/cart/64b4af0eb0b590bb118aaffe/product/643ef56bb0d990bb924063e5 - 18/8/2023, 11:58:14
http: POST en /auth - 18/8/2023, 11:58:24
http: POST en /auth - 18/8/2023, 11:59:03
http: POST en /auth - 18/8/2023, 11:59:36
http: POST en /auth - 18/8/2023, 12:02:44
error: undefined {"cause":"Username and Password don't match","code":4,"name":"User authetication error","status":406}
http: GET en /favicon.ico - 18/8/2023, 14:22:53
http: GET en /undefined - 18/8/2023, 14:22:55
http: GET en /undefined - 18/8/2023, 14:23:46
http: GET en /undefined - 18/8/2023, 14:23:59
http: GET en /undefined - 18/8/2023, 14:24:58
http: GET en /undefined - 18/8/2023, 14:28:13
http: GET en /undefined - 18/8/2023, 14:28:21
http: GET en /undefined - 18/8/2023, 14:30:39
http: GET en /undefined - 18/8/2023, 14:31:15
http: GET en /undefined - 18/8/2023, 14:32:37
http: GET en /undefined - 18/8/2023, 14:32:53
http: POST en /user - 18/8/2023, 14:46:12
http: POST en /user - 18/8/2023, 14:48:53
http: POST en /user - 18/8/2023, 15:51:32
http: POST en /user - 18/8/2023, 15:59:18
http: POST en /api/user - 18/8/2023, 15:59:32
error: undefined
http: POST en /api/user - 18/8/2023, 16:01:02
error: undefined
http: POST en /api/user - 18/8/2023, 16:01:43
error: undefined
http: POST en /api/user - 18/8/2023, 16:53:34
error: undefined {"cause":"The email entered does not have the basic email format","code":2,"name":"User creation error","status":400}
http: GET en /auth/logout - 18/8/2023, 17:11:33
http: POST en /auth - 18/8/2023, 17:11:41
http: POST en /auth - 18/8/2023, 17:44:37
http: POST en /api/auth - 18/8/2023, 17:44:47
error: undefined {"cause":"Username and Password don't match","code":4,"name":"User authetication error","status":406}
http: POST en /api/auth - 18/8/2023, 17:44:59
error: undefined {"cause":"Username and Password don't match","code":4,"name":"User authetication error","status":406}
http: GET en /auth/logout - 18/8/2023, 17:45:46
http: GET en /api/user - 18/8/2023, 17:57:21
error: undefined
http: GET en /api/user - 18/8/2023, 17:57:53
error: users is not defined
http: GET en /api/user - 18/8/2023, 17:58:32
error: users is not defined
http: GET en /api/products/g - 18/8/2023, 18:00:05
error: The product ID is invalid
http: GET en /api/products/g - 18/8/2023, 18:00:30
error: The product ID is invalid
http: GET en /api/products/g - 18/8/2023, 18:01:00
error: undefined {"cause":"The product ID entered was expected to be a MongoDb ObjectId and was received: \u001b[35mg\u001b[39m","code":2,"name":"Invalid ID","status":400}
http: GET en /api/products/g - 18/8/2023, 18:01:06
error: undefined {"cause":"The product ID entered was expected to be a MongoDb ObjectId and was received: \u001b[35mg\u001b[39m","code":2,"name":"Invalid ID","status":400}
http: GET en /api/products/g - 18/8/2023, 18:01:46
http: GET en /api/products/g - 18/8/2023, 18:02:11
http: GET en /api/products/g - 18/8/2023, 18:04:58
error: undefined {"cause":"The product ID entered was expected to be a MongoDb ObjectId and was received: \u001b[35mg\u001b[39m","code":2,"name":"Invalid ID","status":400}
http: GET en /api/products/g - 18/8/2023, 18:05:36
error: The product ID is invalid
http: GET en /api/user - 18/8/2023, 18:06:37
error: undefined
http: GET en /api/user - 18/8/2023, 18:08:48
error: users is not defined
http: GET en /api/products/g - 18/8/2023, 18:09:13
error: The product ID is invalid
http: GET en /api/user - 18/8/2023, 18:32:10
error: users is not defined
http: GET en /api/user - 18/8/2023, 18:32:29
http: GET en /api/user - 18/8/2023, 18:33:35
http: GET en /api/user - 18/8/2023, 18:44:52
http: GET en /api/user - 18/8/2023, 18:46:17
http: GET en /api/products/g - 18/8/2023, 18:46:31
error: The product ID is invalid
http: GET en /api/products/643ef56bb0d990bb924063d4 - 18/8/2023, 18:46:57
error: Product not found
http: POST en /api/user - 18/8/2023, 18:57:17
error: undefined {"cause":"The email entered does not have the basic email format","code":2,"name":"User creation error","status":400}
http: POST en /api/user - 18/8/2023, 18:57:36
error: Invalid email format
